advanced webview/build/intermediates/manifest_merge_blame_file/debug/manifest-merger-blame-debug-report.txt
1<?xml version="1.0" encoding="utf-8"?>
2<manifest xmlns:android="http://schemas.android.com/apk/res/android"
3    package="im.delight.android.webview" >
4
5    <uses-sdk android:targetSdkVersion="29" />
5-->src\main\AndroidManifest.xml
6
7    <application />
7-->src\main\AndroidManifest.xml:3:5-20
8
9</manifest>